<?xml version="1.0" encoding="UTF-8"?>
<testsuite name="OrderBackActionTest" tests="3" skipped="0" failures="0" errors="0" timestamp="2016-07-16T08:07:43" hostname="EC-B303-30" time="0.003">
  <properties/>
  <testcase name="testDeleteorder" classname="OrderBackActionTest" time="0.001"/>
  <testcase name="testExecute" classname="OrderBackActionTest" time="0.001"/>
  <testcase name="testPostorder" classname="OrderBackActionTest" time="0.001"/>
  <system-out><![CDATA[2
2
2
]]></system-out>
  <system-err><![CDATA[]]></system-err>
</testsuite>
